<?xml version="1.0" encoding="UTF-8"?>
<!-- Generated by org.testng.reporters.JUnitReportReporter -->
<testsuite hostname="Subbu-PC" name="mypackage.SwitchWindowExample" tests="1" failures="0" timestamp="9 Mar 2019 17:07:17 GMT" time="17.552" errors="0">
  <testcase name="printChildWindowTitles" time="17.552" classname="mypackage.SwitchWindowExample"/>
</testsuite> <!-- mypackage.SwitchWindowExample -->
