<?xml version="1.0" encoding="UTF-8"?>
<!-- Generated by org.testng.reporters.JUnitReportReporter -->
<testsuite hostname="Subbu-PC" name="mypackage.SwitchWindowExample" tests="1" failures="0" timestamp="11 Mar 2019 13:55:12 GMT" time="28.405" errors="0">
  <testcase name="printChildWindowTitles" time="28.405" classname="mypackage.SwitchWindowExample"/>
</testsuite> <!-- mypackage.SwitchWindowExample -->
